<?xml version="1.0" encoding="UTF-8"?>
<!-- Generated by org.testng.reporters.JUnitXMLReporter -->
<testsuite ignored="2" hostname="DESKTOP-JQ3LS1I" failures="0" tests="0" time="0.025" errors="0" timestamp="2024-05-24T13:27:52 IST">
  <testcase classname="MavenSleniumProject.AshwithiProjectMaven.tests.ErrorValidations" name="submitlogin" time="0.0">
    <ignored/>
  </testcase> <!-- submitlogin -->
  <testcase classname="MavenSleniumProject.AshwithiProjectMaven.tests.ErrorValidations" name="verifyproduct" time="0.0">
    <ignored/>
  </testcase> <!-- verifyproduct -->
</testsuite>
